<?xml version="1.0" encoding="UTF-8"?>
<!-- Generated by org.testng.reporters.JUnitReportReporter -->
<testsuite hostname="ENCDTH084" failures="0" tests="1" name="page_Testcases.Add_To_Cart" time="16.710" errors="0" timestamp="2021-11-02T13:43:53 IST" skipped="0">
  <testcase classname="page_Testcases.Add_To_Cart" name="CheckoutPageVerification" time="16.710"/>
  <system-out/>
</testsuite> <!-- page_Testcases.Add_To_Cart -->
