<?xml version="1.0" encoding="UTF-8"?>
<!-- Generated by org.testng.reporters.JUnitReportReporter -->
<testsuite hostname="ENCDTH084" failures="0" tests="1" name="commonFunctions.General_Functions" time="58.312" errors="0" timestamp="2021-03-04T22:14:46 IST" skipped="0">
  <testcase classname="commonFunctions.General_Functions" name="Browserlaunch" time="58.312"/>
  <system-out/>
</testsuite> <!-- commonFunctions.General_Functions -->
